Format = CCR Inc.
Particle Iteration = 1
pID	eTag	x[in]	y[in]	z[in]	vx/c	vy/c	vz/c	pI[A]	pKP[W]
1	9	-0.00082832	-0.000937579	0.84	0.00250932	0.00201275	0.27164	1.50504e-05	0.300521
2	9	0.0019956	0.00262808	0.84	0.00231006	0.0249212	0.270533	1.17529e-05	0.234731
3	9	-0.00019013	-0.000829598	0.84	0.00245817	0.00649438	0.271562	1.50653e-05	0.3008
4	9	-0.000149285	0.000493445	0.84	0.00248327	0.0175545	0.271083	1.26785e-05	0.253166
5	9	0.00300367	-0.000949171	0.84	0.00243601	0.00166442	0.271663	1.54999e-05	0.309547
6	9	-0.00235409	0.000553232	0.84	0.00245876	0.0178784	0.271108	1.29029e-05	0.257741
7	9	-0.00129741	0.0028254	0.84	0.00248114	0.0254016	0.270479	1.2479e-05	0.249221
8	9	0.00325958	0.000718484	0.84	0.00234356	0.0185453	0.271114	1.14114e-05	0.228036
9	9	0.00182046	-0.0008104	0.84	0.00242953	0.00685175	0.271588	1.58645e-05	0.316842
10	9	0.00171933	0.000628172	0.84	0.00244304	0.0182373	0.271122	1.37139e-05	0.274022
11	9	0.00425159	0.00284674	0.84	0.00235689	0.0255111	0.270392	1.08577e-05	0.216709
12	9	-0.00260767	-0.00102599	0.84	0.0024986	-0.00648172	0.271641	1.53966e-05	0.307605
13	9	-0.00508598	-0.000953383	0.84	0.0024953	0.00228805	0.271691	1.47167e-05	0.29398
14	9	0.000605564	-0.000936311	0.84	0.00238534	0.00172443	0.271668	1.63534e-05	0.326605
15	9	0.000594883	0.00260366	0.84	0.00246149	0.0248755	0.2706	1.2392e-05	0.247619
16	9	-0.00204544	-0.000802349	0.84	0.00249756	0.00702231	0.271607	1.51996e-05	0.303621
17	9	-0.00293779	-0.000943764	0.84	0.00250735	0.00228545	0.271748	1.55799e-05	0.311364
18	9	0.00416831	-0.000799966	0.84	0.00248279	0.0071146	0.271587	1.44145e-05	0.287898
19	9	-0.00419794	-0.000811428	0.84	0.00248909	0.00708521	0.271592	1.42339e-05	0.284301
20	9	-0.0107261	-0.00469264	0.84	0.00344137	-0.0295552	0.270084	6.36409e-06	0.127135
21	9	-0.00985091	-0.00236762	0.84	0.00274292	-0.021113	0.270759	1.35408e-05	0.270243
22	9	-0.00661902	-0.00242988	0.84	0.00255982	-0.021372	0.270917	1.19996e-05	0.239814
23	9	-0.00962065	0.000620626	0.84	0.00266237	0.0182756	0.27104	1.16971e-05	0.233583
24	9	-0.0102925	-0.0011185	0.84	0.00278966	-0.0103694	0.271448	1.61242e-05	0.321967
25	9	-0.0108739	-0.000989226	0.84	0.00312681	-0.00570094	0.271604	1.39414e-05	0.278428
26	9	-0.00963506	-0.00103167	0.84	0.00274335	-0.00666663	0.271567	1.4888e-05	0.297288
27	9	-0.00495957	-0.00103942	0.84	0.00245499	-0.00675125	0.271618	1.53418e-05	0.30647
28	9	-0.0101788	-0.000976447	0.84	0.00374439	-0.00045737	0.271645	1.27332e-05	0.254276
29	9	0.00827317	-0.00256304	0.84	0.00821005	-0.021497	0.270747	1.77293e-06	0.035419
30	9	0.0087213	-0.000998425	0.84	0.00842011	-0.00439188	0.271536	2.02498e-06	0.0404478
31	9	0.00886917	0.000723712	0.84	0.00833613	0.0182088	0.271058	1.46815e-06	0.0293473
32	9	-0.0106397	0.00277779	0.84	0.0030043	0.0254198	0.270461	9.67528e-06	0.193209
33	9	-0.00886101	0.00259152	0.84	0.00256884	0.0249067	0.270509	1.16738e-05	0.23311
34	9	-0.00560085	0.00264461	0.84	0.00243511	0.024968	0.270499	1.17322e-05	0.234268
35	9	-0.00353461	0.00261209	0.84	0.00241482	0.0248883	0.270524	1.21476e-05	0.242594
36	9	0.00457963	-0.00381891	0.84	0.00734975	-0.026264	0.270422	2.16398e-06	0.0432552
37	9	0.000332243	-0.000607297	0.84	0.00651438	0.00991955	0.271428	5.32957e-06	0.106443
38	9	-0.00712312	-0.00102783	0.84	0.00468065	-0.00861303	0.271528	1.37162e-05	0.273979
39	9	-0.00892792	-0.00114361	0.84	0.00263399	-0.0109471	0.271442	1.42423e-05	0.284424
40	9	-0.00360705	-0.00116249	0.84	0.00246558	-0.0109859	0.271474	1.5375e-05	0.307121
41	9	0.00571009	-0.000976158	0.84	0.00776322	-0.000986311	0.271648	3.67125e-06	0.0733648
42	9	-0.0105166	-0.000889359	0.84	0.00357131	0.0053205	0.27161	1.47176e-05	0.293938
43	9	-0.010564	-0.000930774	0.84	0.00334515	0.0033962	0.271634	1.01811e-05	0.20332
44	9	-0.010565	-0.000691637	0.84	0.00321535	0.00898491	0.271505	1.00314e-05	0.200326
45	9	-0.00989	-0.000816187	0.84	0.0029816	0.00726316	0.271555	1.26072e-05	0.251756
46	9	0.00576668	-0.000576042	0.84	0.00772106	0.0100559	0.271405	2.76587e-06	0.0552462
47	9	-0.0100046	0.00158181	0.84	0.00389613	0.022022	0.270725	9.29793e-06	0.185642
48	9	-0.0110048	-0.00288599	0.84	0.00327915	-0.0234766	0.270622	8.85026e-06	0.176718
49	9	-0.00511736	-0.00446573	0.84	0.00259352	-0.0287249	0.270159	1.09923e-05	0.219551
50	9	-0.00605467	-0.000799321	0.84	0.00253718	0.00741753	0.27157	1.46152e-05	0.291888
51	9	0.00498528	0.00218607	0.84	0.00744952	0.0232745	0.270655	1.81078e-06	0.0361845
52	9	-0.00692309	0.00278624	0.84	0.0025877	0.0254258	0.270465	1.13108e-05	0.225869
53	9	-0.00392443	0.0017089	0.84	0.00542049	0.02207	0.270773	5.61229e-06	0.112123
54	9	-0.0090373	-0.00465576	0.84	0.0039989	-0.0292933	0.270112	5.97569e-06	0.119382
55	9	-0.00421181	-0.00397914	0.84	0.0053112	-0.0270126	0.270395	5.88124e-06	0.117557
56	9	0.00612371	-0.00138907	0.84	0.00780108	-0.0137772	0.271299	3.17374e-06	0.0634224
57	9	-0.0105926	-0.00453865	0.84	0.00271668	-0.0288264	0.270166	1.17196e-05	0.234112
58	9	-0.00911763	-0.00452496	0.84	0.00259251	-0.0289217	0.270154	1.10464e-05	0.220661
59	9	0.00897563	-0.0011767	0.84	0.0084594	-0.010474	0.271365	1.77826e-06	0.0355189
60	9	-0.00757971	-0.00284554	0.84	0.00444827	-0.0232266	0.270673	7.62633e-06	0.152334
61	9	-0.00799226	0.00055308	0.84	0.00257748	0.0179848	0.271127	1.1834e-05	0.236439
62	9	0.0136855	-0.00117864	0.84	0.00228196	-0.0114773	0.271438	1.37738e-05	0.2751
63	9	0.0137857	-0.00104056	0.84	0.00214355	-0.00705728	0.271585	1.47439e-05	0.294461
64	9	0.0128053	-0.000636911	0.84	0.00114822	0.00939967	0.271537	7.99068e-06	0.159609
65	9	0.00841894	-0.000930115	0.84	-0.000184798	0.00281723	0.27166	8.30369e-06	0.165826
66	9	0.00994631	0.000582544	0.84	0.000239165	0.0178964	0.271105	6.53596e-06	0.130545
67	9	0.0100575	-0.000746653	0.84	0.000278221	0.00780149	0.271575	8.92944e-06	0.178339
68	9	0.00900533	-0.00436499	0.84	0.00222243	-0.0282825	0.270176	1.16939e-05	0.233505
69	9	-0.000515505	-0.00391462	0.84	-0.00222083	-0.0265424	0.270394	2.28681e-06	0.0456779
70	9	0.00742328	0.000634867	0.84	0.00235474	0.0182265	0.271058	1.17546e-05	0.234752
71	9	0.0125896	0.00040302	0.84	0.00220961	0.0172148	0.271108	1.21823e-05	0.243261
72	9	0.0138479	-0.00527708	0.442312	-0.000385461	-0.00502451	0.0648821	9.73232e-06	0.0105645
73	9	0.0135485	-0.000940885	0.84	0.00214502	0.0018942	0.27169	1.43088e-05	0.285819
74	9	0.014056	-0.000920071	0.84	0.00187197	0.00335006	0.271652	1.30136e-05	0.259893
75	9	0.0111744	0.00234111	0.84	0.000671682	0.0240593	0.270596	7.2267e-06	0.144307
76	9	0.011416	-0.00427375	0.84	0.00232979	-0.0281095	0.270243	1.08794e-05	0.217326
77	9	0.0159852	0.0032352	0.41686	-0.00547957	0.00479391	0.0562608	2.18211e-06	0.00179862
78	9	0.0133722	-0.000871554	0.84	0.00140599	0.00495498	0.271652	8.26548e-06	0.165097
79	9	-0.00483104	-0.00109713	0.84	-0.00328783	-0.00949778	0.271556	2.05516e-06	0.0410636
80	9	0.00572657	0.00261277	0.84	0.00224223	0.0249033	0.270554	1.13766e-05	0.227248
81	9	0.0109536	-0.000852002	0.84	0.00223259	0.00610051	0.271586	1.46482e-05	0.292502
82	9	0.00799575	-0.00443656	0.84	0.00238824	-0.0285341	0.270161	1.21033e-05	0.241705
83	9	0.0137891	-0.00437726	0.84	0.00206041	-0.0284477	0.270262	1.03223e-05	0.206279
84	9	0.00741327	-0.0023988	0.84	0.00251039	-0.0211954	0.270839	1.24546e-05	0.248729
85	9	0.00824713	-0.00248677	0.84	0.00228789	-0.021571	0.270832	1.26857e-05	0.253385
86	9	0.00970161	-0.00238239	0.84	0.00218785	-0.0210893	0.270821	1.1583e-05	0.23127
87	9	0.00890973	0.000686783	0.84	0.00225249	0.0184249	0.271142	1.27635e-05	0.255092
88	9	0.0140479	0.00073875	0.84	0.0017612	0.0186856	0.271036	8.505e-06	0.169861
89	9	0.0091053	-0.00115121	0.84	0.00212791	-0.0109078	0.271457	1.39042e-05	0.277691
90	9	0.00995181	-0.00103302	0.84	0.00214354	-0.00696582	0.271589	1.40165e-05	0.279939
91	9	0.00649506	-0.000923468	0.84	0.00230909	0.00286113	0.271716	1.51138e-05	0.30198
92	9	0.00770672	-0.000797301	0.84	0.00237381	0.00708194	0.271531	1.42531e-05	0.284546
93	9	0.0122438	-0.000940834	0.84	0.00227778	0.00139832	0.271722	1.56838e-05	0.313355
94	9	0.0129557	-0.000825109	0.84	0.00224304	0.00652463	0.271611	1.4728e-05	0.294177
95	9	0.0127628	-0.00104062	0.84	0.00232372	-0.00729707	0.271608	1.48417e-05	0.296487
96	9	-0.00236037	-0.000597029	0.84	-0.00272492	0.00965579	0.271592	3.39554e-06	0.0678637
97	9	0.0144807	-0.000967821	0.84	0.00190303	-0.00540658	0.271627	1.39057e-05	0.277727
98	9	0.00284203	-0.000907607	0.84	-0.00158656	0.00412677	0.271662	6.87438e-06	0.137308
99	9	-0.00571508	-0.00081045	0.84	-0.00345529	0.00621686	0.271616	1.71534e-06	0.0342648
100	9	0.00977478	0.00280536	0.84	0.00224697	0.0255034	0.270465	1.19155e-05	0.237953
101	9	0.00458327	0.000621723	0.84	-0.00112884	0.0180117	0.271078	3.89736e-06	0.0778332
102	9	0.00733895	0.00229173	0.84	-0.000435502	0.0237662	0.270669	6.00537e-06	0.119962
103	9	0.00866654	-0.00101139	0.84	0.00227527	-0.00636557	0.271608	1.51468e-05	0.302525
104	9	0.00805803	-0.00113097	0.84	0.00232216	-0.0105226	0.271472	1.52632e-05	0.304836
105	9	-0.00113332	0.00223656	0.84	-0.00237468	0.0234342	0.270663	2.41137e-06	0.0481597
106	9	-0.00539866	-0.000964638	0.84	-0.00341987	-0.000199701	0.27169	1.80041e-06	0.0359646
107	9	0.0118469	-0.000872349	0.84	0.000801896	0.00479625	0.271665	8.28482e-06	0.165492
108	9	0.00206375	-0.000967711	0.84	-0.0017597	-0.00241765	0.271703	5.79056e-06	0.115679
109	9	0.0145956	-0.00112889	0.84	0.00208413	-0.0105016	0.271466	1.41658e-05	0.282899
110	9	0.0137749	0.00272184	0.84	0.00190041	0.0252796	0.270557	9.15979e-06	0.183019
111	9	-0.00284766	-0.000984525	0.84	-0.00286963	-0.00360123	0.271768	2.3339e-06	0.0466566
112	9	0.0137909	-0.000708163	0.84	0.0016617	0.00830909	0.271559	1.13142e-05	0.225975
113	9	0.0137067	-0.000787698	0.84	0.00200763	0.00728599	0.27159	1.29144e-05	0.257944
114	9	-0.000924592	-0.0026017	0.84	0.00247036	-0.0221028	0.270779	1.16392e-05	0.232466
115	9	0.00108297	-0.00105226	0.84	0.00240467	-0.00727217	0.27158	1.53715e-05	0.307004
116	9	-0.00024254	-0.00468854	0.84	0.00233944	-0.0293921	0.270065	1.12944e-05	0.225543
117	9	0.00416877	-0.00463204	0.84	0.00248067	-0.0290895	0.27014	1.16155e-05	0.232034
118	9	0.00505801	-0.0026611	0.84	0.00246036	-0.0223616	0.270758	1.31613e-05	0.262867
119	9	0.00320999	-0.00258839	0.84	0.00249298	-0.0220901	0.270735	1.14048e-05	0.227704
120	9	0.00190466	-0.00463199	0.84	0.00239248	-0.0291543	0.270117	1.09694e-05	0.219098
121	9	-0.00157074	-0.00119908	0.84	0.00245329	-0.011762	0.271417	1.44097e-05	0.287783
122	9	-0.000713565	-0.00104418	0.84	0.0024672	-0.00722774	0.271549	1.46951e-05	0.293423
123	9	0.0005918	-0.00274801	0.84	0.00237574	-0.0227102	0.270791	1.20392e-05	0.240569
124	9	0.000437836	-0.00122388	0.84	0.00244309	-0.0120234	0.271389	1.45978e-05	0.2915
125	9	0.00351946	-0.00103067	0.84	0.00247865	-0.00678738	0.271579	1.56082e-05	0.311699
126	9	0.00494911	-0.00117034	0.84	0.00251606	-0.0111448	0.271447	1.57415e-05	0.314392
127	9	0.005592	-0.001031	0.84	0.00247515	-0.00661853	0.27165	1.58345e-05	0.316383
128	9	0.00271034	-0.00118692	0.84	0.00247997	-0.0115049	0.271417	1.41535e-05	0.282642
129	9	0.00574191	-0.00453677	0.84	0.00235406	-0.0289358	0.270122	1.24479e-05	0.248592
130	9	0.00526593	-0.000931853	0.84	0.00247768	0.00260903	0.27168	1.58424e-05	0.316449
131	9	-0.00195236	-0.00445262	0.84	0.00241127	-0.0285968	0.270175	1.14918e-05	0.229529
132	9	0.00081894	-0.000979574	0.84	0.0066426	-0.00243338	0.271616	8.06604e-06	0.161122
133	9	-0.0111775	-0.0012192	0.84	0.00310103	-0.0123794	0.271377	1.38937e-05	0.277463
134	9	-0.00674285	-0.0009474	0.84	0.00258324	0.00277795	0.271704	1.52418e-05	0.304515
135	9	-0.00196859	-0.000939375	0.84	0.00598284	0.00358155	0.27161	9.57787e-06	0.191309
136	9	-0.0111315	0.000197789	0.84	0.00352432	0.0162514	0.271182	1.16434e-05	0.232551
137	9	-0.00846253	-0.000948618	0.84	0.00264024	0.00230496	0.271657	1.44451e-05	0.288482
138	9	-0.00863165	-0.00247744	0.84	0.00257108	-0.0217059	0.270788	1.15035e-05	0.229718
139	9	0.00791986	-0.000853417	0.84	0.00822973	0.00546023	0.271483	2.80541e-06	0.0560194
140	9	-0.0061481	0.000551129	0.84	0.00254364	0.0179532	0.27109	1.19562e-05	0.238806
141	9	-0.0101755	0.000521877	0.84	0.00294538	0.0178989	0.271069	1.02955e-05	0.205604
142	9	-0.011103	-0.00137263	0.84	0.00346504	-0.0143814	0.271275	1.14295e-05	0.228255
143	9	-0.000503699	0.000559942	0.84	0.00627325	0.017729	0.271016	3.75204e-06	0.074925
144	9	-0.011339	0.00241591	0.84	0.00323538	0.0244478	0.270554	9.79694e-06	0.195647
145	9	-0.00148475	-0.00247978	0.84	0.00601643	-0.0214411	0.270757	4.93564e-06	0.0985626
146	9	-0.0116201	-0.00487111	0.84	0.00291554	-0.0300692	0.270045	8.78357e-06	0.175484
147	9	-0.0041996	-0.00457265	0.84	0.00238354	-0.0290513	0.270134	1.09385e-05	0.218491
148	9	-0.0112793	-0.00268496	0.84	0.00286188	-0.0226661	0.270707	1.20879e-05	0.241387
149	9	-0.00513245	-0.00259653	0.84	0.00245343	-0.0221662	0.270882	1.11833e-05	0.223548
150	9	-0.00452816	0.000622273	0.84	0.00244751	0.0182503	0.271058	1.23239e-05	0.246126
151	9	0.000786816	-0.00107674	0.84	0.00661235	-0.00922281	0.271463	8.55408e-06	0.17086
152	9	-0.0028098	-0.00120253	0.84	0.00574643	-0.0122085	0.271447	1.07032e-05	0.213925
153	9	-0.00733319	-0.00108489	0.84	0.00255012	-0.0099441	0.271499	1.50687e-05	0.300967
154	9	-0.00659655	-0.000989781	0.84	0.00254029	-0.00583119	0.27166	1.54513e-05	0.30871
155	9	-0.00813695	-0.000974005	0.84	0.00440225	-0.000522348	0.271631	1.70963e-05	0.341396
156	9	-0.00986489	-0.000956658	0.84	0.00277263	0.00258059	0.271629	1.41491e-05	0.282519
157	9	-0.00323313	-0.00256881	0.84	0.0024312	-0.0219157	0.270861	1.21486e-05	0.242767
158	9	-0.00755198	8.08368e-05	0.84	0.0045753	0.0155099	0.271278	8.83482e-06	0.17655
159	9	-0.00882209	-0.00134593	0.84	0.00415942	-0.0140411	0.271268	1.06864e-05	0.213389
160	9	-0.0111685	-0.00104765	0.84	0.00337734	-0.00913329	0.271517	1.16055e-05	0.231793
161	9	-0.00813246	-0.00100677	0.84	0.00263956	-0.00629198	0.271586	1.50429e-05	0.300401
162	9	-0.00629603	-0.000876044	0.84	0.00491163	0.00539135	0.27159	1.38832e-05	0.277278
163	9	-0.0101687	-0.000931749	0.84	0.00309025	0.00385284	0.271617	1.16429e-05	0.232487
164	9	-0.00958212	-0.000824987	0.84	0.00264848	0.00700633	0.271566	1.41003e-05	0.281574
165	9	-0.0103081	0.00264369	0.84	0.00269827	0.0251265	0.270479	1.06076e-05	0.211808
166	9	-0.00771842	-0.00460069	0.84	0.00250147	-0.0290598	0.270093	1.09022e-05	0.217698
167	9	-0.0107805	0.000757255	0.84	0.00319543	0.0188164	0.271005	1.00043e-05	0.199789
168	9	-0.0104048	-0.000976729	0.84	0.00301069	-0.00495454	0.27162	1.44897e-05	0.289377
169	9	-0.00558431	-0.00114529	0.84	0.00248463	-0.010822	0.27148	1.4473e-05	0.289103
170	9	-0.0076493	-0.000792311	0.84	0.00262295	0.00746528	0.271566	1.40636e-05	0.280865
171	9	0.0135505	-0.00436479	0.84	0.00236158	-0.0284383	0.270289	1.04159e-05	0.208195
172	9	0.0139424	-0.00397952	0.84	0.00170992	-0.0272816	0.270342	9.84506e-06	0.196677
173	9	0.0118971	-0.00375294	0.84	0.000897218	-0.0265325	0.270388	8.36549e-06	0.167078
174	9	0.00769731	-0.00371596	0.84	-0.000290804	-0.0261252	0.270496	6.30017e-06	0.125894
175	9	0.00581188	-0.0023326	0.84	-0.000830701	-0.0207541	0.270864	4.2696e-06	0.0852543
176	9	0.0139078	-0.0024069	0.84	0.0022602	-0.021294	0.270803	1.11743e-05	0.223107
177	9	0.014467	-0.0024493	0.84	0.00199513	-0.0215282	0.270854	1.10523e-05	0.220786
178	9	0.0110962	0.000589354	0.84	0.00229316	0.018033	0.27115	1.20367e-05	0.240533
179	9	0.0127005	0.000607214	0.84	0.00113726	0.0180768	0.271068	7.68215e-06	0.153411
180	9	0.00700086	-0.000982705	0.84	0.002352	-0.005743	0.271672	1.53054e-05	0.305813
181	9	0.00675202	-0.00114102	0.84	-0.000634516	-0.0108541	0.27155	9.06714e-06	0.181204
182	9	0.00992673	-0.000940426	0.84	0.00219068	0.00174678	0.271688	1.46966e-05	0.293557
183	9	0.0130861	-0.000976323	0.84	0.00127828	-0.00393157	0.271667	1.28913e-05	0.257489
184	9	0.0121809	-0.00097668	0.84	0.000910495	-0.00386074	0.271697	1.24494e-05	0.248716
185	9	0.00595057	-0.000775264	0.84	-0.000835381	0.00745007	0.271634	7.85224e-06	0.156887
186	9	0.011918	-0.00117442	0.84	0.00231649	-0.0115847	0.271484	1.38738e-05	0.277205
187	9	0.0137605	-0.00108502	0.84	0.00153133	-0.00973728	0.271513	1.40866e-05	0.281348
188	9	0.010912	-0.00107895	0.84	0.000522777	-0.00960879	0.271477	1.22643e-05	0.244869
189	9	0.00578134	-0.000777674	0.84	0.00239481	0.00739066	0.271613	1.50815e-05	0.301296
190	9	0.00846165	0.00278068	0.84	0.00237301	0.0253814	0.270561	1.1631e-05	0.232426
191	9	-0.00461388	0.000758656	0.84	-0.00315455	0.0183439	0.27106	1.90225e-06	0.0379952
192	9	0.0120956	0.00224755	0.84	0.00232138	0.0238321	0.270639	1.17444e-05	0.234577
193	9	0.0139846	0.00253105	0.84	0.00155787	0.0247108	0.27062	8.24668e-06	0.164785
194	9	0.0127769	0.00251486	0.84	0.00208967	0.024619	0.270539	1.00597e-05	0.200877
195	9	-0.00143314	-0.00136146	0.84	-0.00252061	-0.0136464	0.271365	3.16439e-06	0.0632156
196	9	0.0122313	-0.00252004	0.84	0.00230798	-0.021813	0.270828	1.12566e-05	0.224867
197	9	0.0136378	-0.00224021	0.84	0.0014368	-0.0204273	0.270828	1.01343e-05	0.202268
198	9	0.0106864	-0.00224729	0.84	0.000486202	-0.0203643	0.2709	8.1048e-06	0.161841
199	9	0.00563881	0.000726284	0.84	0.00240177	0.0185968	0.271121	1.22299e-05	0.244412
200	9	0.00646662	-0.00115512	0.84	0.00240765	-0.0108886	0.271535	1.46659e-05	0.293086
201	9	0.00900354	-0.000977221	0.84	-4.14265e-05	-0.00554518	0.271645	8.7962e-06	0.175698
202	9	0.00352642	-0.00102912	0.84	-0.00142011	-0.00853191	0.271557	6.66231e-06	0.133068
203	9	0.00871166	-0.00093917	0.84	0.00234803	0.00227706	0.271678	1.54553e-05	0.308699
204	9	0.00936162	-0.000819224	0.84	0.00229885	0.00678612	0.271602	1.50726e-05	0.301052
Total Terminal Current = 0.00222847A - Total Terminal Power = 44.2849W
