Format = CCR Inc.
Particle Iteration = 1
pID	eTag	x[in]	y[in]	z[in]	vx/c	vy/c	vz/c	pI[A]	pKP[W]
1	9	0.00122958	-0.00656277	0.84	0.00587408	-0.0161366	0.271204	4.411e-06	0.0881385
2	9	-0.00672189	-0.0192641	0.84	0.00410443	-0.0363366	0.269288	2.11928e-06	0.0423504
3	9	-0.00668215	-0.000587429	0.84	0.0042885	-0.000327986	0.271685	5.73711e-06	0.114611
4	9	-0.00774434	-0.0122229	0.84	0.00359223	-0.0266776	0.270417	4.97785e-06	0.0994696
5	9	-0.00802336	-0.00463979	0.84	0.0033223	-0.0116461	0.271482	7.49383e-06	0.149743
6	9	-0.00758137	-0.00271877	0.84	0.00323462	-0.00647422	0.271615	7.03944e-06	0.140619
7	9	-0.0083009	-0.00267164	0.84	0.00365965	-0.00634775	0.27168	6.55971e-06	0.131105
8	9	-0.00787414	0.00948642	0.84	0.00311395	0.0220225	0.270833	4.6848e-06	0.0936072
9	9	-0.00251128	0.00196002	0.84	0.00521717	0.00667806	0.271536	6.07633e-06	0.121339
10	9	0.013578	-0.0127924	0.84	0.00773594	-0.0273533	0.270259	8.53748e-08	0.00170595
11	9	0.0115328	-0.00754315	0.84	0.0075165	-0.0181462	0.271089	6.69247e-07	0.013378
12	9	0.0118334	-0.000510974	0.84	0.00760584	-0.000158118	0.271673	8.46894e-07	0.0169264
13	9	0.00573302	-0.00148415	0.84	0.00666021	-0.002908	0.271664	3.31609e-06	0.0662674
14	9	-0.00566305	-0.00704161	0.84	0.00455946	-0.0172294	0.271132	4.38148e-06	0.0875278
15	9	-0.00439803	-0.0139328	0.84	0.00480763	-0.0293204	0.270075	2.36939e-06	0.0473281
16	9	-0.00489818	-0.0189085	0.84	0.00455063	-0.0358713	0.269386	1.7975e-06	0.0359319
17	9	-0.00787811	-0.00448587	0.84	0.00397475	-0.0112198	0.271514	5.17317e-06	0.10339
18	9	-0.00745073	-0.00719355	0.84	0.00409516	-0.0175704	0.271135	4.89744e-06	0.0978486
19	9	0.00564611	0.00461824	0.84	0.00660072	0.0129348	0.271401	1.91163e-06	0.0382096
20	9	0.0139093	0.0090232	0.84	0.00776405	0.0210156	0.270836	4.02194e-08	0.000803728
21	9	0.0106804	0.0123019	0.84	0.00725914	0.0259265	0.270331	6.32337e-08	0.00126272
22	9	-0.0185649	-0.00110315	0.307378	0.00330936	-0.00447234	0.0354035	1.29178e-06	0.000424312
23	9	-0.00498746	0.012341	0.84	0.00461168	0.0261981	0.270442	3.11765e-06	0.0622954
24	9	-0.00735207	0.00197408	0.84	0.00410136	0.00675226	0.271612	6.71051e-06	0.134064
25	9	-0.00737967	0.00303146	0.84	0.00316252	0.0093887	0.271556	6.66345e-06	0.133134
26	9	-0.00784134	0.014624	0.84	0.00390288	0.029313	0.270159	3.06372e-06	0.06123
27	9	-0.0086064	0.0143034	0.84	0.00347967	0.0289171	0.270189	3.25491e-06	0.0650413
28	9	-0.00675626	0.00094976	0.84	0.00306942	0.00396946	0.271666	6.78086e-06	0.135455
29	9	0.0146476	-0.00550625	0.84	0.00799228	-0.013582	0.271286	2.65796e-07	0.00531082
30	9	-0.00823647	0.00942757	0.84	0.00339131	0.0219596	0.270832	3.93537e-06	0.0786312
31	9	-0.00330508	0.00817855	0.84	0.00503146	0.0198059	0.27091	3.24094e-06	0.0647247
32	9	-0.00693214	0.00813524	0.84	0.00421512	0.0198297	0.270986	3.93653e-06	0.0786554
33	9	0.0104278	-0.0160976	0.84	0.00724819	-0.0321921	0.269789	1.29356e-07	0.00258577
34	9	-0.00457109	-0.000483013	0.84	0.00479944	-6.33812e-05	0.271757	7.54737e-06	0.150869
35	9	0.0139534	0.00260285	0.84	0.00788161	0.00815325	0.271492	4.43422e-07	0.00885899
36	9	0.00482864	0.0092717	0.84	0.0064246	0.021525	0.270782	9.60301e-07	0.019183
37	9	0.011307	0.00485552	0.84	0.00747677	0.0133831	0.27136	5.69696e-07	0.0113874
38	9	-0.00770039	0.000990172	0.84	0.00327052	0.00408671	0.27171	6.82271e-06	0.136342
39	9	-0.00710118	-0.00510842	0.84	0.00309825	-0.0127941	0.271401	6.58212e-06	0.131492
40	9	-0.00870566	0.00338481	0.84	0.00362579	0.0102485	0.271534	4.63763e-06	0.0926701
41	9	-0.00845973	0.00130688	0.84	0.00349091	0.00496253	0.271743	5.336e-06	0.106674
42	9	-0.00648348	-0.0187074	0.84	0.00285527	-0.0355776	0.269418	4.19673e-06	0.0838729
43	9	-0.00287793	-0.0124457	0.84	0.00291507	-0.0270094	0.270433	4.85169e-06	0.0969795
44	9	-0.00113146	0.0150826	0.84	0.0026163	0.0298195	0.270095	4.51008e-06	0.0901193
45	9	-0.00249699	-0.0128599	0.84	0.00264926	-0.0276788	0.270335	5.27886e-06	0.105491
46	9	-0.00254167	-0.00548391	0.84	0.00273171	-0.013665	0.271393	7.09331e-06	0.141739
47	9	-0.00431402	0.00281602	0.84	0.00293362	0.00886683	0.271602	6.95469e-06	0.138982
48	9	-0.00202025	0.000591889	0.84	0.002727	0.00299665	0.271676	7.48556e-06	0.149525
49	9	-0.00148956	0.0026758	0.84	0.00264352	0.00847203	0.271555	7.17355e-06	0.143286
50	9	-8.97112e-05	0.00235402	0.84	0.00250798	0.00768225	0.2716	7.01626e-06	0.140166
51	9	-0.000198204	0.00874285	0.84	0.00251504	0.0207761	0.270901	4.83133e-06	0.0965075
52	9	-0.00287997	0.00956405	0.84	0.00281513	0.0220606	0.270799	4.72556e-06	0.0943965
53	9	-0.00412568	0.0101088	0.84	0.00298206	0.0229285	0.27074	4.9028e-06	0.0979488
54	9	-0.00349532	-0.0187155	0.84	0.00293286	-0.0356756	0.26943	4.33906e-06	0.086735
55	9	-0.00385164	-0.00556468	0.84	0.00288385	-0.0138623	0.27135	6.64087e-06	0.132665
56	9	-0.00203838	-0.0189089	0.84	0.00282149	-0.0359141	0.269333	4.80725e-06	0.0960439
57	9	-0.00217411	-0.00333738	0.84	0.00264974	-0.00812314	0.271587	7.26617e-06	0.145159
58	9	-0.00151788	-0.00563961	0.84	0.00253037	-0.0140402	0.271299	6.63447e-06	0.132491
59	9	-0.00744201	0.00996435	0.84	0.00283179	0.0227155	0.270775	4.47589e-06	0.0894308
60	9	-0.00294598	0.00271285	0.84	0.00278671	0.00858746	0.271607	6.56816e-06	0.131252
61	9	-0.0017729	0.00932661	0.84	0.00262754	0.0216866	0.2708	5.05332e-06	0.100919
62	9	-0.00088662	0.000414535	0.84	0.0025425	0.00248121	0.271686	7.14204e-06	0.142666
63	9	-0.00204386	0.014727	0.84	0.00278723	0.0293897	0.270115	4.45715e-06	0.0890439
64	9	-0.00793061	-0.0179463	0.84	0.00300514	-0.0347406	0.269485	4.64323e-06	0.0927676
65	9	-0.00733431	-0.0123411	0.84	0.00297988	-0.0268302	0.270404	4.73891e-06	0.0946914
66	9	-0.00184745	-0.0187556	0.84	0.00252581	-0.0356983	0.269377	4.35855e-06	0.087088
67	9	-0.00124666	-0.0128607	0.84	0.00250419	-0.0276454	0.270306	4.39541e-06	0.087813
68	9	0.00155133	-0.00374126	0.84	0.00249411	-0.00922304	0.271543	7.42734e-06	0.148367
69	9	0.00658755	-0.00348939	0.84	0.00219475	-0.00855604	0.271557	7.17413e-06	0.143298
70	9	0.0107037	-0.00343149	0.84	0.00178995	-0.00843401	0.271655	6.95273e-06	0.138974
71	9	0.0122599	-0.0116963	0.84	0.00146263	-0.0259045	0.270556	4.08891e-06	0.0817344
72	9	-5.20028e-05	-0.0119432	0.84	-0.00120206	-0.0261005	0.270489	1.23466e-06	0.0246706
73	9	0.00159455	0.00935569	0.84	0.00243934	0.02173	0.270813	5.22923e-06	0.104445
74	9	0.00484	0.0159423	0.84	0.00244902	0.030907	0.269938	4.45947e-06	0.0890829
75	9	0.0101343	0.0098853	0.84	0.000741984	0.0225269	0.270768	2.86448e-06	0.0572177
76	9	0.000975263	0.0030597	0.84	-0.00110912	0.00938124	0.271573	3.49435e-06	0.0698167
77	9	-0.000715533	0.00922836	0.84	-0.00134527	0.0214266	0.270866	1.2743e-06	0.0254561
78	9	-0.0100145	-0.0123373	0.84	-0.00265649	-0.0265882	0.27041	1.13803e-07	0.00227359
79	9	0.000373438	-0.0187944	0.84	0.00248241	-0.0356836	0.269373	4.05822e-06	0.0810833
80	9	0.000752596	-0.00592264	0.84	0.00251552	-0.0146867	0.271327	6.83922e-06	0.136646
81	9	0.0029493	-0.00625985	0.84	0.00248943	-0.0154832	0.271257	6.7293e-06	0.134422
82	9	0.00575574	-0.00589419	0.84	0.00221239	-0.0146185	0.271314	6.72994e-06	0.134442
83	9	0.00847906	-0.00338367	0.84	0.0021288	-0.00828048	0.271597	7.2452e-06	0.144752
84	9	0.00774265	-0.00551448	0.84	0.00216555	-0.0137509	0.271355	7.05231e-06	0.140876
85	9	0.0102623	-0.00582022	0.84	0.00186813	-0.0144742	0.271274	6.47552e-06	0.129309
86	9	0.0118095	-0.00327707	0.84	0.00162412	-0.00800239	0.271643	6.90653e-06	0.138022
87	9	0.0112496	-0.00554585	0.84	0.00168183	-0.013844	0.27138	6.27e-06	0.125275
88	9	-0.0107322	-0.00527369	0.84	-0.00287293	-0.0129967	0.271384	3.79963e-07	0.00759002
89	9	-0.00871212	-0.00215181	0.84	-0.00263309	-0.00480784	0.271645	5.76406e-07	0.0115133
90	9	-0.00326955	-0.00162978	0.84	-0.00182413	-0.00331808	0.271751	2.37192e-06	0.0474055
91	9	0.00333573	0.000487953	0.84	0.00245947	0.00269095	0.271675	7.30906e-06	0.145991
92	9	0.00524225	0.00965019	0.84	0.00227633	0.0221635	0.270789	4.83373e-06	0.0965526
93	9	0.00514141	0.00264874	0.84	0.00222444	0.00841538	0.271604	7.08469e-06	0.141558
94	9	0.0098385	0.00965741	0.84	0.00193812	0.0221527	0.270782	4.35518e-06	0.0869867
95	9	0.0118153	0.000471153	0.84	0.00166753	0.00266968	0.271766	6.74389e-06	0.134792
96	9	0.0115114	0.0103654	0.84	0.00124982	0.0232474	0.270752	3.36008e-06	0.0671416
97	9	0.0111037	0.00173053	0.84	0.000976742	0.00609664	0.271658	3.6845e-06	0.0736108
98	9	0.0117381	0.0155522	0.84	0.00177585	0.0305406	0.270057	4.17486e-06	0.0834438
99	9	-0.00267694	0.00141506	0.84	-0.00171621	0.00518755	0.271594	3.12499e-06	0.062394
100	9	-0.0110556	-0.000541133	0.84	-0.00294382	-0.000230957	0.271688	3.0584e-07	0.00610909
101	9	-0.0111584	0.00241656	0.84	-0.00293432	0.00769381	0.271625	2.4331e-07	0.00486181
102	9	-0.00823215	0.00420711	0.84	-0.00251689	0.0119673	0.271499	7.10865e-07	0.0142071
103	9	-0.00733077	-0.0074462	0.84	-0.00237991	-0.01791	0.271124	7.20522e-07	0.0143946
104	9	0.00419803	0.00273824	0.84	0.00243055	0.00862173	0.271587	6.79947e-06	0.13585
105	9	0.0119631	0.00278688	0.84	0.00155441	0.0088034	0.271642	6.03284e-06	0.120584
106	9	0.00551239	-0.0198504	0.84	0.00223163	-0.0369246	0.269182	4.60762e-06	0.0920417
107	9	0.0110532	-0.00472135	0.84	0.00100336	-0.0118585	0.271536	6.33427e-06	0.126617
108	9	0.00808836	-0.0181654	0.84	0.00233025	-0.0350024	0.269483	4.42006e-06	0.0883259
109	9	0.00755866	-0.00487901	0.84	0.000132226	-0.0122235	0.271463	5.24289e-06	0.104753
110	9	0.0110726	0.00282312	0.84	0.00175026	0.00885962	0.271566	6.8879e-06	0.137597
111	9	0.000760194	-0.0131917	0.84	0.00243222	-0.0281486	0.270257	4.75953e-06	0.0950894
112	9	0.00128114	5.66377e-05	0.84	0.00251412	0.00148059	0.271717	7.95453e-06	0.158925
113	9	0.00324917	-0.0139036	0.84	0.00247793	-0.029287	0.270129	4.62379e-06	0.0923732
114	9	0.00662245	-0.0132135	0.84	0.00227336	-0.0282018	0.270295	4.78736e-06	0.095677
115	9	0.00873238	-0.0182946	0.84	0.00210373	-0.0351397	0.269464	4.45266e-06	0.0889755
116	9	0.0106165	-0.0127384	0.84	0.00188303	-0.0275213	0.270362	4.5203e-06	0.0903351
117	9	0.00810787	0.000606878	0.84	0.00212659	0.0030059	0.27169	7.44239e-06	0.148673
118	9	0.0105307	0.00040486	0.84	0.00181272	0.00246329	0.271645	7.48407e-06	0.149443
119	9	0.0120335	-0.0177003	0.84	0.00156688	-0.0344126	0.26958	3.51295e-06	0.0702074
120	9	0.0107017	-0.0185015	0.84	0.00172222	-0.0353269	0.26942	3.73865e-06	0.0746946
121	9	0.0113079	-0.012433	0.84	0.00165557	-0.0270718	0.270448	4.01294e-06	0.0802202
122	9	0.0105419	-0.00210385	0.84	0.00082693	-0.0047352	0.271701	5.79472e-06	0.115783
123	9	0.010848	-0.0112432	0.84	0.00093352	-0.025172	0.270633	3.78481e-06	0.0756584
124	9	0.00840404	-0.0162556	0.84	0.000465972	-0.0325374	0.26979	2.77834e-06	0.0555147
125	9	-0.00680775	-0.0157518	0.84	-0.00219511	-0.0316846	0.269856	1.4168e-07	0.00283033
126	9	0.00685297	-0.011595	0.84	6.23841e-05	-0.0256306	0.270502	2.7355e-06	0.0546451
127	9	0.00205159	0.00239248	0.84	0.00246739	0.00777666	0.271613	7.36491e-06	0.147148
128	9	0.000811941	0.0151434	0.84	0.00251424	0.0298458	0.270034	4.54038e-06	0.0906827
129	9	0.0062877	0.000323405	0.84	0.00219874	0.00225234	0.271693	7.07355e-06	0.1413
130	9	0.00710694	0.00259835	0.84	0.00217288	0.00829037	0.271676	6.61237e-06	0.132191
131	9	0.0058313	0.0155903	0.84	0.00223772	0.0304911	0.269968	4.20655e-06	0.0840182
132	9	0.00882447	0.0157611	0.84	0.00199536	0.0307601	0.269962	4.24671e-06	0.0848349
133	9	0.0116727	0.00995235	0.84	0.00188069	0.0225989	0.270827	4.82645e-06	0.0964603
134	9	0.0111014	0.0155966	0.84	0.00137202	0.0306181	0.270043	3.71821e-06	0.0743123
135	9	0.00441487	0.000781444	0.84	-0.000494665	0.00349446	0.271678	3.73275e-06	0.074559
136	9	-0.0101742	0.00935824	0.84	-0.00267801	0.0215304	0.270903	9.81891e-08	0.00196231
137	9	-0.00193469	-0.00471206	0.84	-0.00159485	-0.0117117	0.27154	2.66984e-06	0.0533679
138	9	0.00791082	-0.0125374	0.84	0.00214028	-0.0271753	0.270391	4.97413e-06	0.0994016
139	9	0.0101137	0.00400439	0.84	0.000724307	0.0116539	0.271484	3.49459e-06	0.0698204
140	9	0.00665669	0.00332688	0.84	-4.83887e-05	0.0100459	0.271594	4.15406e-06	0.0830254
141	9	-0.00694743	0.0128978	0.84	-0.00222704	0.026729	0.270392	1.77907e-07	0.00355407
142	9	0.0111498	0.0154844	0.84	0.00200078	0.0304524	0.270054	4.02805e-06	0.0805024
143	9	0.0049359	-0.00311912	0.84	-0.00039978	-0.00750786	0.271601	3.7517e-06	0.0749396
144	9	-0.000150442	-0.0167072	0.84	0.00553189	-0.033048	0.269731	1.55683e-06	0.0311217
145	9	-0.00772611	-0.0191635	0.84	0.00366566	-0.0362208	0.269255	3.35748e-06	0.0670655
146	9	-0.00804219	-0.00565705	0.84	0.003725	-0.0141068	0.271387	6.194e-06	0.123796
147	9	-0.0068499	-0.00308219	0.84	0.00300748	-0.00743165	0.27159	7.04484e-06	0.140723
148	9	-0.00794574	0.000628265	0.84	0.00384195	0.00313785	0.271746	4.93131e-06	0.0985689
149	9	-0.00747587	0.0156127	0.84	0.00302859	0.0306196	0.269981	4.23853e-06	0.0846797
150	9	-0.00785839	0.0150928	0.84	0.00329101	0.0299376	0.270088	3.98138e-06	0.0795632
151	9	-0.0048989	-0.00342849	0.84	0.00294144	-0.00839271	0.27157	7.27207e-06	0.145271
152	9	-0.00538228	0.00059635	0.84	0.00293355	0.00302966	0.271704	7.35699e-06	0.146991
153	9	-0.000738186	-0.00352011	0.84	0.0025101	-0.00866433	0.271574	6.95596e-06	0.138965
154	9	-0.0067828	0.00297943	0.84	0.00291605	0.00924955	0.271577	6.46691e-06	0.129221
155	9	0.00360738	-0.00359707	0.84	0.00244789	-0.00885514	0.271551	7.40256e-06	0.147867
156	9	0.00473654	-0.0133999	0.84	0.00236009	-0.0284518	0.270241	5.15089e-06	0.102921
157	9	0.00892032	-0.00564841	0.84	0.00199939	-0.0140697	0.271338	6.62079e-06	0.132254
158	9	0.00935743	-0.00347166	0.84	0.00192461	-0.00854612	0.271575	6.82662e-06	0.136373
159	9	0.00816878	0.00995728	0.84	0.00202995	0.0226262	0.270784	4.96997e-06	0.0992981
160	9	0.00942434	0.000382056	0.84	0.00197887	0.00238234	0.271754	7.01115e-06	0.14012
161	9	0.00199094	0.0133632	0.84	-0.000823273	0.0274633	0.270402	1.74226e-06	0.0348258
162	9	0.00824732	0.0144101	0.84	0.000320126	0.029044	0.270159	2.32194e-06	0.0463846
163	9	0.0045902	0.00975229	0.84	0.00251966	0.0223271	0.27077	4.96347e-06	0.0991412
164	9	0.00173705	-0.00598185	0.84	-0.000967425	-0.0147885	0.271316	3.6758e-06	0.0734326
165	9	0.00736847	0.0156082	0.84	0.00211594	0.0305104	0.269996	4.39254e-06	0.0877523
166	9	0.00608036	0.00960302	0.84	-0.000137681	0.0220374	0.270882	2.19623e-06	0.0438942
167	9	0.00262863	-0.0153466	0.84	-0.000707489	-0.0312739	0.269954	1.52224e-06	0.0304198
168	9	0.00220796	0.0157882	0.84	0.00237811	0.0307038	0.269956	4.69627e-06	0.0938088
169	9	0.0116517	0.0010592	0.84	0.0013274	0.00426849	0.271693	6.08287e-06	0.121528
170	9	0.0089745	0.00165323	0.84	0.000418879	0.00587501	0.271665	3.76956e-06	0.0753103
171	9	0.00325173	-0.0129512	0.84	0.00616021	-0.0277229	0.270265	1.46255e-06	0.0292253
172	9	-0.00807331	-0.0139988	0.84	0.00384976	-0.0294775	0.270117	3.31656e-06	0.06627
173	9	-0.00821053	-0.00218931	0.84	0.00349734	-0.00500419	0.271629	6.71315e-06	0.134086
174	9	-0.00838291	-0.0116866	0.84	0.00317634	-0.0258017	0.270472	6.05669e-06	0.120995
175	9	0.0146166	-0.002265	0.84	0.00801401	-0.00516909	0.271615	3.2612e-07	0.00651814
176	9	0.00534945	-0.00487982	0.84	0.00658472	-0.0121574	0.271375	3.51373e-06	0.0701985
177	9	-0.00795591	-0.0176681	0.84	0.0033244	-0.0344211	0.269536	4.96742e-06	0.0992546
178	9	-0.00861087	0.00965333	0.84	0.00365433	0.0223007	0.270788	3.49686e-06	0.0698627
179	9	0.00253847	0.00144555	0.84	0.00611349	0.00527916	0.271619	4.03883e-06	0.0806968
180	9	-0.00355414	-0.00421152	0.84	0.00501153	-0.0104853	0.271467	5.80021e-06	0.115869
181	9	-0.00839353	0.00290772	0.84	0.00335773	0.00911391	0.2716	5.76015e-06	0.11512
182	9	-0.00332564	-0.00324222	0.84	0.0028299	-0.00786918	0.271585	7.11087e-06	0.142048
183	9	-0.00564034	-0.0126175	0.84	0.00287423	-0.0273006	0.27034	4.77555e-06	0.0954097
184	9	-0.00355658	0.000586764	0.84	0.00285054	0.00300572	0.271762	6.94804e-06	0.138882
185	9	-0.00390542	0.0153425	0.84	0.00281423	0.0302087	0.270015	4.43034e-06	0.088502
186	9	-0.00585484	0.0156029	0.84	0.00289869	0.0305424	0.269968	4.23663e-06	0.0846266
187	9	0.00462237	-0.00580823	0.84	0.00239075	-0.0144235	0.271321	7.18417e-06	0.143514
188	9	0.00484062	-0.00336554	0.84	0.00227855	-0.00821971	0.27157	7.47082e-06	0.149227
189	9	0.00898025	-0.0128059	0.84	0.00197634	-0.0275654	0.270374	4.65039e-06	0.0929475
190	9	0.0117002	-0.00271054	0.84	0.0012827	-0.00644991	0.271645	6.38995e-06	0.127658
191	9	0.00945972	-0.00221918	0.84	0.000514008	-0.00505999	0.271753	5.5281e-06	0.110505
192	9	0.00458358	0.000558046	0.84	0.00229425	0.00290062	0.271648	7.6497e-06	0.152764
193	9	0.00688747	0.00932681	0.84	0.00218716	0.0216949	0.270833	4.64572e-06	0.0928007
194	9	0.0114965	0.0151721	0.84	0.00113611	0.0300627	0.270102	3.04206e-06	0.0607966
195	9	0.0105802	-0.0183275	0.84	0.00203698	-0.0351407	0.269438	4.20791e-06	0.0840675
196	9	0.0112626	-0.0165955	0.84	0.00112915	-0.0330203	0.269691	3.47144e-06	0.0693426
197	9	0.0115435	0.00326034	0.84	0.00119137	0.009946	0.271539	5.07311e-06	0.10135
198	9	0.00395903	-0.0197091	0.84	0.00241012	-0.0368192	0.269226	4.43024e-06	0.0885194
199	9	0.00980433	0.00262027	0.84	0.00189989	0.00831862	0.271575	6.75732e-06	0.134981
200	9	0.00176554	-0.0203929	0.84	0.00238177	-0.0376601	0.269111	4.24351e-06	0.0847895
201	9	-0.00570297	-0.00547255	0.84	0.00295692	-0.0136485	0.271353	6.93818e-06	0.138597
202	9	0.0120626	-0.00511042	0.84	0.0014727	-0.0128089	0.27141	6.37398e-06	0.127331
203	9	0.011755	0.00991613	0.84	0.00159806	0.022588	0.270848	4.22667e-06	0.084485
204	9	0.0084874	0.00280276	0.84	0.00203302	0.00877397	0.271572	7.06757e-06	0.141192
Total Terminal Current = 0.000934607A - Total Terminal Power = 18.6477W
